2026-02-06 04:24:48,958 - INFO - ============================================================
2026-02-06 04:24:48,958 - INFO - Experiment: exp001_baseline
2026-02-06 04:24:48,958 - INFO - Description: Baseline TransUNet with SEResNeXt50 encoder
2026-02-06 04:24:48,958 - INFO - ============================================================
2026-02-06 04:24:48,958 - INFO - Config saved to: /workspace/experiments/exp001_baseline/exp001_baseline.yaml
2026-02-06 04:24:48,979 - INFO - PyTorch devices: 1 GPU(s)
2026-02-06 04:24:48,985 - INFO -   GPU 0: NVIDIA GeForce RTX 3090
2026-02-06 04:24:48,985 - INFO - Keras version: 3.12.0.dev2025100703
2026-02-06 04:24:48,985 - INFO - Backend: torch
2026-02-06 04:24:48,985 - INFO - Input shape: (160, 160, 160)
2026-02-06 04:24:48,985 - INFO - Batch size per GPU: 1
2026-02-06 04:24:48,985 - INFO - Total batch size: 1
2026-02-06 04:24:48,985 - INFO - Epochs: 2
2026-02-06 04:24:48,985 - INFO - Model: transunet (seresnext50)
2026-02-06 04:24:48,985 - INFO - clDice iters: 10, weight: 0.2
2026-02-06 04:24:48,985 - INFO - Competition weights: topo=0.3, surf_dice=0.35, voi=0.35
2026-02-06 04:24:48,986 - INFO - Training files: 130
2026-02-06 04:24:48,986 - INFO - Validation file: training_shard_130.tfrec
2026-02-06 04:24:48,986 - INFO - Training samples: ~780
2026-02-06 04:24:52,978 - INFO - Model parameters: 70.06M
2026-02-06 04:24:52,978 - INFO - Building model...
2026-02-06 04:24:54,178 - INFO - GPU memory after build: 0.39 GB
2026-02-06 04:24:54,181 - INFO - 
Starting training...
2026-02-06 04:28:58,433 - INFO - ============================================================
2026-02-06 04:28:58,433 - INFO - Experiment: exp001_baseline
2026-02-06 04:28:58,433 - INFO - Description: Baseline TransUNet with SEResNeXt50 encoder
2026-02-06 04:28:58,433 - INFO - ============================================================
2026-02-06 04:28:58,433 - INFO - ============================================================
2026-02-06 04:28:58,433 - INFO - Experiment: exp001_baseline
2026-02-06 04:28:58,434 - INFO - Description: Baseline TransUNet with SEResNeXt50 encoder
2026-02-06 04:28:58,434 - INFO - Config saved to: /workspace/experiments/exp001_baseline/exp001_baseline.yaml
2026-02-06 04:28:58,434 - INFO - ============================================================
2026-02-06 04:28:58,434 - INFO - Config saved to: /workspace/experiments/exp001_baseline/exp001_baseline.yaml
2026-02-06 04:28:58,468 - INFO - PyTorch devices: 2 GPU(s)
2026-02-06 04:28:58,476 - INFO - PyTorch devices: 2 GPU(s)
2026-02-06 04:28:58,490 - INFO -   GPU 0: NVIDIA GeForce RTX 3090
2026-02-06 04:28:58,490 - INFO -   GPU 1: NVIDIA GeForce RTX 3090
2026-02-06 04:28:58,490 - INFO - Keras version: 3.12.0.dev2025100703
2026-02-06 04:28:58,490 - INFO - Backend: torch
2026-02-06 04:28:58,490 - INFO - Input shape: (160, 160, 160)
2026-02-06 04:28:58,490 - INFO - Batch size per GPU: 1
2026-02-06 04:28:58,490 - INFO - Total batch size: 2
2026-02-06 04:28:58,490 - INFO - Epochs: 2
2026-02-06 04:28:58,490 - INFO - Model: transunet (seresnext50)
2026-02-06 04:28:58,490 - INFO - clDice iters: 10, weight: 0.2
2026-02-06 04:28:58,490 - INFO - Competition weights: topo=0.3, surf_dice=0.35, voi=0.35
2026-02-06 04:28:58,491 - INFO - Training files: 130
2026-02-06 04:28:58,491 - INFO - Validation file: training_shard_130.tfrec
2026-02-06 04:28:58,491 - INFO - Training samples: ~780
2026-02-06 04:28:58,491 - INFO -   GPU 0: NVIDIA GeForce RTX 3090
2026-02-06 04:28:58,491 - INFO -   GPU 1: NVIDIA GeForce RTX 3090
2026-02-06 04:28:58,491 - INFO - Keras version: 3.12.0.dev2025100703
2026-02-06 04:28:58,491 - INFO - Backend: torch
2026-02-06 04:28:58,492 - INFO - Input shape: (160, 160, 160)
2026-02-06 04:28:58,492 - INFO - Batch size per GPU: 1
2026-02-06 04:28:58,492 - INFO - Total batch size: 2
2026-02-06 04:28:58,492 - INFO - Epochs: 2
2026-02-06 04:28:58,492 - INFO - Model: transunet (seresnext50)
2026-02-06 04:28:58,492 - INFO - clDice iters: 10, weight: 0.2
2026-02-06 04:28:58,492 - INFO - Competition weights: topo=0.3, surf_dice=0.35, voi=0.35
2026-02-06 04:28:58,492 - INFO - Training files: 130
2026-02-06 04:28:58,492 - INFO - Validation file: training_shard_130.tfrec
2026-02-06 04:28:58,492 - INFO - Training samples: ~780
2026-02-06 04:29:02,482 - INFO - Model parameters: 70.06M
2026-02-06 04:29:02,482 - INFO - Building model...
2026-02-06 04:29:02,570 - INFO - Model parameters: 70.06M
2026-02-06 04:29:02,570 - INFO - Building model...
2026-02-06 04:29:04,100 - INFO - GPU memory after build: 0.39 GB
2026-02-06 04:29:04,103 - INFO - 
Starting training...
2026-02-06 04:29:46,598 - INFO - ============================================================
2026-02-06 04:29:46,598 - INFO - Experiment: exp001_baseline
2026-02-06 04:29:46,598 - INFO - Description: Baseline TransUNet with SEResNeXt50 encoder
2026-02-06 04:29:46,598 - INFO - ============================================================
2026-02-06 04:29:46,598 - INFO - Config saved to: /workspace/experiments/exp001_baseline/exp001_baseline.yaml
2026-02-06 04:29:46,630 - INFO - PyTorch devices: 2 GPU(s)
2026-02-06 04:29:46,649 - INFO -   GPU 0: NVIDIA GeForce RTX 3090
2026-02-06 04:29:46,649 - INFO -   GPU 1: NVIDIA GeForce RTX 3090
2026-02-06 04:29:46,649 - INFO - Keras version: 3.12.0.dev2025100703
2026-02-06 04:29:46,649 - INFO - Backend: torch
2026-02-06 04:29:46,649 - INFO - Input shape: (128, 128, 128)
2026-02-06 04:29:46,649 - INFO - Batch size per GPU: 1
2026-02-06 04:29:46,649 - INFO - Total batch size: 2
2026-02-06 04:29:46,649 - INFO - Epochs: 2
2026-02-06 04:29:46,649 - INFO - Model: transunet (seresnext50)
2026-02-06 04:29:46,649 - INFO - clDice iters: 10, weight: 0.2
2026-02-06 04:29:46,649 - INFO - Competition weights: topo=0.3, surf_dice=0.35, voi=0.35
2026-02-06 04:29:46,650 - INFO - Training files: 130
2026-02-06 04:29:46,650 - INFO - Validation file: training_shard_130.tfrec
2026-02-06 04:29:46,650 - INFO - Training samples: ~780
2026-02-06 04:29:50,578 - INFO - Model parameters: 70.03M
2026-02-06 04:29:50,578 - INFO - Building model...
2026-02-06 04:29:51,476 - INFO - GPU memory after build: 0.34 GB
2026-02-06 04:29:51,478 - INFO - 
Starting training...
